<?xml version="1.0" encoding="UTF-8" ?>
<testsuite errors="0" failures="0" hostname="Williams-MacBook-Pro-6.local" name="org.bshouse.wsdb.test.SkiPlannerApiTest" skipped="0" tests="1" time="3.263" timestamp="2015-01-28T23:27:37">
  <properties>
    <property name="java.vendor" value="Oracle Corporation" />
    <property name="sun.java.launcher" value="SUN_STANDARD" />
    <property name="env.XPC_SERVICE_NAME" value="0" />
    <property name="sun.management.compiler" value="HotSpot 64-Bit Tiered Compilers" />
    <property name="env.SECURITYSESSIONID" value="186a5" />
    <property name="os.name" value="Mac OS X" />
    <property name="sun.boot.class.path" value="/Library/Java/JavaVirtualMachines/jdk1.7.0_71.jdk/Contents/Home/jre/lib/resources.jar:/Library/Java/JavaVirtualMachines/jdk1.7.0_71.jdk/Contents/Home/jre/lib/rt.jar:/Library/Java/JavaVirtualMachines/jdk1.7.0_71.jdk/Contents/Home/jre/lib/sunrsasign.jar:/Library/Java/JavaVirtualMachines/jdk1.7.0_71.jdk/Contents/Home/jre/lib/jsse.jar:/Library/Java/JavaVirtualMachines/jdk1.7.0_71.jdk/Contents/Home/jre/lib/jce.jar:/Library/Java/JavaVirtualMachines/jdk1.7.0_71.jdk/Contents/Home/jre/lib/charsets.jar:/Library/Java/JavaVirtualMachines/jdk1.7.0_71.jdk/Contents/Home/jre/lib/jfr.jar:/Library/Java/JavaVirtualMachines/jdk1.7.0_71.jdk/Contents/Home/jre/classes" />
    <property name="env.TMPDIR" value="/var/folders/2h/drmzg9cn6xsbqmvsk02qz4f00000gn/T/" />
    <property name="env.PWD" value="/Users/wjderaad/Documents/CU-School/Spring15/DataEng(Anderson)/RESTfulSkiPlanner" />
    <property name="env.LANG" value="en_US.UTF-8" />
    <property name="java.vm.specification.vendor" value="Oracle Corporation" />
    <property name="ant.file.type.RESTfulSkiPlanner" value="file" />
    <property name="ant.home" value="/usr/local/Cellar/ant/1.9.4/libexec" />
    <property name="java.runtime.version" value="1.7.0_71-b14" />
    <property name="ant.file.RESTfulSkiPlanner" value="/Users/wjderaad/Documents/CU-School/Spring15/DataEng(Anderson)/RESTfulSkiPlanner/build.xml" />
    <property name="env.Apple_PubSub_Socket_Render" value="/private/tmp/com.apple.launchd.VxnOqs3Yu5/Render" />
    <property name="user.name" value="wjderaad" />
    <property name="env.USER" value="wjderaad" />
    <property name="env.SHELL" value="/bin/bash" />
    <property name="env.__CF_USER_TEXT_ENCODING" value="0x1F5:0x0:0x0" />
    <property name="env.JAVA_MAIN_CLASS_26137" value="org.apache.tools.ant.launch.Launcher" />
    <property name="env.PATH" value="/usr/local/bin:/usr/local/bin:/usr/bin:/bin:/usr/sbin:/sbin" />
    <property name="user.language" value="en" />
    <property name="sun.boot.library.path" value="/Library/Java/JavaVirtualMachines/jdk1.7.0_71.jdk/Contents/Home/jre/lib" />
    <property name="ant.project.default-target" value="build" />
    <property name="env.XPC_FLAGS" value="0x0" />
    <property name="ant.project.name" value="RESTfulSkiPlanner" />
    <property name="java.version" value="1.7.0_71" />
    <property name="user.timezone" value="" />
    <property name="sun.arch.data.model" value="64" />
    <property name="http.nonProxyHosts" value="local|*.local|169.254/16|*.169.254/16" />
    <property name="java.endorsed.dirs" value="/Library/Java/JavaVirtualMachines/jdk1.7.0_71.jdk/Contents/Home/jre/lib/endorsed" />
    <property name="sun.cpu.isalist" value="" />
    <property name="sun.jnu.encoding" value="UTF-8" />
    <property name="file.encoding.pkg" value="sun.io" />
    <property name="env.SHLVL" value="1" />
    <property name="file.separator" value="/" />
    <property name="java.specification.name" value="Java Platform API Specification" />
    <property name="java.class.version" value="51.0" />
    <property name="user.country" value="US" />
    <property name="java.home" value="/Library/Java/JavaVirtualMachines/jdk1.7.0_71.jdk/Contents/Home/jre" />
    <property name="java.vm.info" value="mixed mode" />
    <property name="env.LOGNAME" value="wjderaad" />
    <property name="ant.file" value="/Users/wjderaad/Documents/CU-School/Spring15/DataEng(Anderson)/RESTfulSkiPlanner/build.xml" />
    <property name="os.version" value="10.10.1" />
    <property name="env.TERM_PROGRAM_VERSION" value="343" />
    <property name="path.separator" value=":" />
    <property name="java.vm.version" value="24.71-b01" />
    <property name="ant.library.dir" value="/usr/local/Cellar/ant/1.9.4/libexec/lib" />
    <property name="junit.output.dir" value="junit" />
    <property name="java.awt.printerjob" value="sun.lwawt.macosx.CPrinterJob" />
    <property name="env.TERM" value="xterm-256color" />
    <property name="sun.io.unicode.encoding" value="UnicodeBig" />
    <property name="awt.toolkit" value="sun.lwawt.macosx.LWCToolkit" />
    <property name="socksNonProxyHosts" value="local|*.local|169.254/16|*.169.254/16" />
    <property name="ftp.nonProxyHosts" value="local|*.local|169.254/16|*.169.254/16" />
    <property name="user.home" value="/Users/wjderaad" />
    <property name="target" value="1.7" />
    <property name="java.specification.vendor" value="Oracle Corporation" />
    <property name="env.TERM_PROGRAM" value="Apple_Terminal" />
    <property name="java.library.path" value="/Users/wjderaad/Library/Java/Extensions:/Library/Java/Extensions:/Network/Library/Java/Extensions:/System/Library/Java/Extensions:/usr/lib/java:." />
    <property name="java.vendor.url" value="http://java.oracle.com/" />
    <property name="java.vm.vendor" value="Oracle Corporation" />
    <property name="gopherProxySet" value="false" />
    <property name="java.runtime.name" value="Java(TM) SE Runtime Environment" />
    <property name="sun.java.command" value="org.apache.tools.ant.taskdefs.optional.junit.JUnitTestRunner org.bshouse.wsdb.test.SkiPlannerApiTest skipNonTests=false filtertrace=true haltOnError=false haltOnFailure=false formatter=org.apache.tools.ant.taskdefs.optional.junit.OutErrSummaryJUnitResultFormatter showoutput=false outputtoformatters=true logfailedtests=true threadid=0 logtestlistenerevents=false formatter=org.apache.tools.ant.taskdefs.optional.junit.XMLJUnitResultFormatter,/Users/wjderaad/Documents/CU-School/Spring15/DataEng(Anderson)/RESTfulSkiPlanner/junit/TEST-org.bshouse.wsdb.test.SkiPlannerApiTest.xml crashfile=/Users/wjderaad/Documents/CU-School/Spring15/DataEng(Anderson)/RESTfulSkiPlanner/junitvmwatcher1011053756190893298.properties propsfile=/Users/wjderaad/Documents/CU-School/Spring15/DataEng(Anderson)/RESTfulSkiPlanner/junit7021888156683395089.properties" />
    <property name="java.class.path" value="/Users/wjderaad/Documents/CU-School/Spring15/DataEng(Anderson)/RESTfulSkiPlanner/WEB-INF/bin:/Users/wjderaad/Documents/CU-School/Spring15/DataEng(Anderson)/RESTfulSkiPlanner/WEB-INF/lib/hibernate-4.3.8/antlr-2.7.7.jar:/Users/wjderaad/Documents/CU-School/Spring15/DataEng(Anderson)/RESTfulSkiPlanner/WEB-INF/lib/hibernate-4.3.8/c3p0-0.9.2.1.jar:/Users/wjderaad/Documents/CU-School/Spring15/DataEng(Anderson)/RESTfulSkiPlanner/WEB-INF/lib/hibernate-4.3.8/dom4j-1.6.1.jar:/Users/wjderaad/Documents/CU-School/Spring15/DataEng(Anderson)/RESTfulSkiPlanner/WEB-INF/lib/hibernate-4.3.8/hibernate-c3p0-4.3.8.Final.jar:/Users/wjderaad/Documents/CU-School/Spring15/DataEng(Anderson)/RESTfulSkiPlanner/WEB-INF/lib/hibernate-4.3.8/hibernate-commons-annotations-4.0.5.Final.jar:/Users/wjderaad/Documents/CU-School/Spring15/DataEng(Anderson)/RESTfulSkiPlanner/WEB-INF/lib/hibernate-4.3.8/hibernate-core-4.3.8.Final.jar:/Users/wjderaad/Documents/CU-School/Spring15/DataEng(Anderson)/RESTfulSkiPlanner/WEB-INF/lib/hibernate-4.3.8/hibernate-entitymanager-4.3.8.Final.jar:/Users/wjderaad/Documents/CU-School/Spring15/DataEng(Anderson)/RESTfulSkiPlanner/WEB-INF/lib/hibernate-4.3.8/hibernate-jpa-2.1-api-1.0.0.Final.jar:/Users/wjderaad/Documents/CU-School/Spring15/DataEng(Anderson)/RESTfulSkiPlanner/WEB-INF/lib/hibernate-4.3.8/jandex-1.1.0.Final.jar:/Users/wjderaad/Documents/CU-School/Spring15/DataEng(Anderson)/RESTfulSkiPlanner/WEB-INF/lib/hibernate-4.3.8/javassist-3.18.1-GA.jar:/Users/wjderaad/Documents/CU-School/Spring15/DataEng(Anderson)/RESTfulSkiPlanner/WEB-INF/lib/hibernate-4.3.8/jboss-logging-3.1.3.GA.jar:/Users/wjderaad/Documents/CU-School/Spring15/DataEng(Anderson)/RESTfulSkiPlanner/WEB-INF/lib/hibernate-4.3.8/jboss-logging-annotations-1.2.0.Beta1.jar:/Users/wjderaad/Documents/CU-School/Spring15/DataEng(Anderson)/RESTfulSkiPlanner/WEB-INF/lib/hibernate-4.3.8/jboss-transaction-api_1.2_spec-1.0.0.Final.jar:/Users/wjderaad/Documents/CU-School/Spring15/DataEng(Anderson)/RESTfulSkiPlanner/WEB-INF/lib/hibernate-4.3.8/mchange-commons-java-0.2.3.4.jar:/Users/wjderaad/Documents/CU-School/Spring15/DataEng(Anderson)/RESTfulSkiPlanner/WEB-INF/lib/stripes-1.5.7-classloaderfix.jar:/Users/wjderaad/Documents/CU-School/Spring15/DataEng(Anderson)/RESTfulSkiPlanner/WEB-INF/lib/jetty-9.2.6/jetty-client-9.2.6.v20141205.jar:/Users/wjderaad/Documents/CU-School/Spring15/DataEng(Anderson)/RESTfulSkiPlanner/WEB-INF/lib/jetty-9.2.6/jetty-continuation-9.2.6.v20141205.jar:/Users/wjderaad/Documents/CU-School/Spring15/DataEng(Anderson)/RESTfulSkiPlanner/WEB-INF/lib/jetty-9.2.6/jetty-deploy-9.2.6.v20141205.jar:/Users/wjderaad/Documents/CU-School/Spring15/DataEng(Anderson)/RESTfulSkiPlanner/WEB-INF/lib/jetty-9.2.6/jetty-http-9.2.6.v20141205.jar:/Users/wjderaad/Documents/CU-School/Spring15/DataEng(Anderson)/RESTfulSkiPlanner/WEB-INF/lib/jetty-9.2.6/jetty-io-9.2.6.v20141205.jar:/Users/wjderaad/Documents/CU-School/Spring15/DataEng(Anderson)/RESTfulSkiPlanner/WEB-INF/lib/jetty-9.2.6/jetty-plus-9.2.6.v20141205.jar:/Users/wjderaad/Documents/CU-School/Spring15/DataEng(Anderson)/RESTfulSkiPlanner/WEB-INF/lib/jetty-9.2.6/jetty-rewrite-9.2.6.v20141205.jar:/Users/wjderaad/Documents/CU-School/Spring15/DataEng(Anderson)/RESTfulSkiPlanner/WEB-INF/lib/jetty-9.2.6/jetty-schemas-3.1.jar:/Users/wjderaad/Documents/CU-School/Spring15/DataEng(Anderson)/RESTfulSkiPlanner/WEB-INF/lib/jetty-9.2.6/jetty-security-9.2.6.v20141205.jar:/Users/wjderaad/Documents/CU-School/Spring15/DataEng(Anderson)/RESTfulSkiPlanner/WEB-INF/lib/jetty-9.2.6/jetty-server-9.2.6.v20141205.jar:/Users/wjderaad/Documents/CU-School/Spring15/DataEng(Anderson)/RESTfulSkiPlanner/WEB-INF/lib/jetty-9.2.6/jetty-servlet-9.2.6.v20141205.jar:/Users/wjderaad/Documents/CU-School/Spring15/DataEng(Anderson)/RESTfulSkiPlanner/WEB-INF/lib/jetty-9.2.6/jetty-servlets-9.2.6.v20141205.jar:/Users/wjderaad/Documents/CU-School/Spring15/DataEng(Anderson)/RESTfulSkiPlanner/WEB-INF/lib/jetty-9.2.6/jetty-util-9.2.6.v20141205.jar:/Users/wjderaad/Documents/CU-School/Spring15/DataEng(Anderson)/RESTfulSkiPlanner/WEB-INF/lib/jetty-9.2.6/jetty-webapp-9.2.6.v20141205.jar:/Users/wjderaad/Documents/CU-School/Spring15/DataEng(Anderson)/RESTfulSkiPlanner/WEB-INF/lib/jetty-9.2.6/jetty-xml-9.2.6.v20141205.jar:/Users/wjderaad/Documents/CU-School/Spring15/DataEng(Anderson)/RESTfulSkiPlanner/WEB-INF/lib/jetty-9.2.6/servlet-api-3.1.jar:/Users/wjderaad/Documents/CU-School/Spring15/DataEng(Anderson)/RESTfulSkiPlanner/WEB-INF/lib/hsqldb-2.3.2/hsqldb.jar:/Users/wjderaad/Documents/CU-School/Spring15/DataEng(Anderson)/RESTfulSkiPlanner/WEB-INF/lib/hsqldb-2.3.2/sqltool.jar:/Users/wjderaad/Documents/CU-School/Spring15/DataEng(Anderson)/RESTfulSkiPlanner/WEB-INF/lib/jetty-9.2.6/javax.el-3.0.0.jar:/Users/wjderaad/Documents/CU-School/Spring15/DataEng(Anderson)/RESTfulSkiPlanner/WEB-INF/lib/jetty-9.2.6/javax.servlet.jsp-2.3.2.jar:/Users/wjderaad/Documents/CU-School/Spring15/DataEng(Anderson)/RESTfulSkiPlanner/WEB-INF/lib/jetty-9.2.6/javax.servlet.jsp-api-2.3.1.jar:/Users/wjderaad/Documents/CU-School/Spring15/DataEng(Anderson)/RESTfulSkiPlanner/WEB-INF/lib/jetty-9.2.6/javax.servlet.jsp.jstl-1.2.2.jar:/Users/wjderaad/Documents/CU-School/Spring15/DataEng(Anderson)/RESTfulSkiPlanner/WEB-INF/lib/jetty-9.2.6/jetty-jsp-9.2.6.v20141205.jar:/Users/wjderaad/Documents/CU-School/Spring15/DataEng(Anderson)/RESTfulSkiPlanner/WEB-INF/lib/jetty-9.2.6/jetty-jsp-jdt-2.3.3.jar:/Users/wjderaad/Documents/CU-School/Spring15/DataEng(Anderson)/RESTfulSkiPlanner/WEB-INF/lib/jetty-9.2.6/org.apache.taglibs.taglibs-standard-impl-1.2.1.jar:/Users/wjderaad/Documents/CU-School/Spring15/DataEng(Anderson)/RESTfulSkiPlanner/WEB-INF/lib/jetty-9.2.6/org.apache.taglibs.taglibs-standard-spec-1.2.1.jar:/Users/wjderaad/Documents/CU-School/Spring15/DataEng(Anderson)/RESTfulSkiPlanner/WEB-INF/lib/jetty-9.2.6/org.eclipse.jdt.core-3.8.2.v20130121.jar:/Users/wjderaad/Documents/CU-School/Spring15/DataEng(Anderson)/RESTfulSkiPlanner/WEB-INF/lib/jetty-9.2.6/org.eclipse.jetty.apache-jsp-9.2.6.v20141205.jar:/Users/wjderaad/Documents/CU-School/Spring15/DataEng(Anderson)/RESTfulSkiPlanner/WEB-INF/lib/jetty-9.2.6/org.eclipse.jetty.orbit.javax.servlet.jsp.jstl-1.2.0.v201105211821.jar:/Users/wjderaad/Documents/CU-School/Spring15/DataEng(Anderson)/RESTfulSkiPlanner/WEB-INF/lib/jetty-9.2.6/org.eclipse.jetty.orbit.org.eclipse.jdt.core-3.8.2.v20130121.jar:/Users/wjderaad/Documents/CU-School/Spring15/DataEng(Anderson)/RESTfulSkiPlanner/WEB-INF/lib/jetty-9.2.6/org.mortbay.jasper.apache-el-8.0.9.M3.jar:/Users/wjderaad/Documents/CU-School/Spring15/DataEng(Anderson)/RESTfulSkiPlanner/WEB-INF/lib/jetty-9.2.6/org.mortbay.jasper.apache-jsp-8.0.9.M3.jar:/Users/wjderaad/Documents/CU-School/Spring15/DataEng(Anderson)/RESTfulSkiPlanner/WEB-INF/lib/commons-logging-1.2.jar:/Users/wjderaad/Documents/CU-School/Spring15/DataEng(Anderson)/RESTfulSkiPlanner/WEB-INF/src/properties:/Users/wjderaad/Documents/CU-School/Spring15/DataEng(Anderson)/RESTfulSkiPlanner/WEB-INF/lib/gson-2.3.1.jar:/Users/wjderaad/Documents/CU-School/Spring15/DataEng(Anderson)/RESTfulSkiPlanner/WEB-INF/lib/commons-lang3-3.3.2.jar:/Users/wjderaad/Documents/CU-School/Spring15/DataEng(Anderson)/RESTfulSkiPlanner/WEB-INF/lib/commons-cli-1.2.jar:/Users/wjderaad/Documents/CU-School/Spring15/DataEng(Anderson)/RESTfulSkiPlanner/WEB-INF/lib/commons-codec-1.6.jar:/Users/wjderaad/Documents/CU-School/Spring15/DataEng(Anderson)/RESTfulSkiPlanner/WEB-INF/lib/commons-logging-1.1.3.jar:/Users/wjderaad/Documents/CU-School/Spring15/DataEng(Anderson)/RESTfulSkiPlanner/WEB-INF/lib/fluent-hc-4.3.6.jar:/Users/wjderaad/Documents/CU-School/Spring15/DataEng(Anderson)/RESTfulSkiPlanner/WEB-INF/lib/httpclient-4.3.6.jar:/Users/wjderaad/Documents/CU-School/Spring15/DataEng(Anderson)/RESTfulSkiPlanner/WEB-INF/lib/httpclient-cache-4.3.6.jar:/Users/wjderaad/Documents/CU-School/Spring15/DataEng(Anderson)/RESTfulSkiPlanner/WEB-INF/lib/httpcore-4.3.3.jar:/Users/wjderaad/Documents/CU-School/Spring15/DataEng(Anderson)/RESTfulSkiPlanner/WEB-INF/lib/httpmime-4.3.6.jar:/Users/wjderaad/Documents/CU-School/Spring15/DataEng(Anderson)/RESTfulSkiPlanner/WEB-INF/lib/commons-io-2.4.jar:/Users/wjderaad/Documents/CU-School/Spring15/DataEng(Anderson)/RESTfulSkiPlanner/WEB-INF/lib/junit.jar:/Users/wjderaad/Documents/CU-School/Spring15/DataEng(Anderson)/RESTfulSkiPlanner/WEB-INF/lib/org.hamcrest.core_1.3.0.v201303031735.jar:/usr/local/Cellar/ant/1.9.4/libexec/lib/ant-launcher.jar:/usr/local/Cellar/ant/1.9.4/libexec/lib/ant.jar:/usr/local/Cellar/ant/1.9.4/libexec/lib/ant-junit.jar:/usr/local/Cellar/ant/1.9.4/libexec/lib/ant-junit4.jar" />
    <property name="ant.version" value="Apache Ant(TM) version 1.9.4 compiled on April 29 2014" />
    <property name="env.TERM_SESSION_ID" value="2248AE4C-FE44-4484-8156-19F1FC0ACE46" />
    <property name="java.vm.specification.name" value="Java Virtual Machine Specification" />
    <property name="ant.file.type" value="file" />
    <property name="java.vm.specification.version" value="1.7" />
    <property name="sun.os.patch.level" value="unknown" />
    <property name="sun.cpu.endian" value="little" />
    <property name="env.HOME" value="/Users/wjderaad" />
    <property name="debuglevel" value="source,lines,vars" />
    <property name="java.io.tmpdir" value="/var/folders/2h/drmzg9cn6xsbqmvsk02qz4f00000gn/T/" />
    <property name="java.vendor.url.bug" value="http://bugreport.sun.com/bugreport/" />
    <property name="env.SSH_AUTH_SOCK" value="/private/tmp/com.apple.launchd.CWnNns4QVQ/Listeners" />
    <property name="os.arch" value="x86_64" />
    <property name="java.awt.graphicsenv" value="sun.awt.CGraphicsEnvironment" />
    <property name="java.ext.dirs" value="/Users/wjderaad/Library/Java/Extensions:/Library/Java/JavaVirtualMachines/jdk1.7.0_71.jdk/Contents/Home/jre/lib/ext:/Library/Java/Extensions:/Network/Library/Java/Extensions:/System/Library/Java/Extensions:/usr/lib/java" />
    <property name="user.dir" value="/Users/wjderaad/Documents/CU-School/Spring15/DataEng(Anderson)/RESTfulSkiPlanner" />
    <property name="line.separator" value="&#xa;" />
    <property name="java.vm.name" value="Java HotSpot(TM) 64-Bit Server VM" />
    <property name="basedir" value="/Users/wjderaad/Documents/CU-School/Spring15/DataEng(Anderson)/RESTfulSkiPlanner" />
    <property name="ant.java.version" value="1.7" />
    <property name="ant.core.lib" value="/usr/local/Cellar/ant/1.9.4/libexec/lib/ant.jar" />
    <property name="source" value="1.7" />
    <property name="file.encoding" value="UTF-8" />
    <property name="java.specification.version" value="1.7" />
    <property name="ant.project.invoked-targets" value="SkiPlannerApiTest" />
  </properties>
  <testcase classname="org.bshouse.wsdb.test.SkiPlannerApiTest" name="addEvent" time="0.201" />
  <system-out><![CDATA[[Server@2e3f8a3e]: [Thread[main,5,main]]: checkRunning(false) entered
[Server@2e3f8a3e]: [Thread[main,5,main]]: checkRunning(false) exited
[Server@2e3f8a3e]: [Thread[main,5,main]]: start() entered
[Server@2e3f8a3e]: [Thread[HSQLDB Server @2e3f8a3e,5,main]]: run() entered
[Server@2e3f8a3e]: Initiating startup sequence...
[Server@2e3f8a3e]: [Thread[HSQLDB Server @2e3f8a3e,5,main]]: server.maxdatabases=10
[Server@2e3f8a3e]: [Thread[HSQLDB Server @2e3f8a3e,5,main]]: server.remote_open=false
[Server@2e3f8a3e]: [Thread[HSQLDB Server @2e3f8a3e,5,main]]: server.tls=false
[Server@2e3f8a3e]: [Thread[HSQLDB Server @2e3f8a3e,5,main]]: server.port=60000
[Server@2e3f8a3e]: [Thread[HSQLDB Server @2e3f8a3e,5,main]]: server.trace=true
[Server@2e3f8a3e]: [Thread[HSQLDB Server @2e3f8a3e,5,main]]: server.database.1=file:/Users/wjderaad/Documents/CU-School/Spring15/DataEng(Anderson)/RESTfulSkiPlanner/WEB-INF/db/skidummy;hsqldb.sqllog=3;sql.enforce_names=true;user=skidefault;password=def2pass
[Server@2e3f8a3e]: [Thread[HSQLDB Server @2e3f8a3e,5,main]]: server.acl=WEB-INF/src/properties/server.acl
[Server@2e3f8a3e]: [Thread[HSQLDB Server @2e3f8a3e,5,main]]: server.database.0=file:/Users/wjderaad/Documents/CU-School/Spring15/DataEng(Anderson)/RESTfulSkiPlanner/WEB-INF/db/skidummy;hsqldb.sqllog=3;sql.enforce_names=true;user=skidefault;password=def2pass
[Server@2e3f8a3e]: [Thread[HSQLDB Server @2e3f8a3e,5,main]]: server.restart_on_shutdown=false
[Server@2e3f8a3e]: [Thread[HSQLDB Server @2e3f8a3e,5,main]]: server.no_system_exit=true
[Server@2e3f8a3e]: [Thread[HSQLDB Server @2e3f8a3e,5,main]]: server.silent=false
[Server@2e3f8a3e]: [Thread[HSQLDB Server @2e3f8a3e,5,main]]: server.default_page=index.html
[Server@2e3f8a3e]: [Thread[HSQLDB Server @2e3f8a3e,5,main]]: server.dbname.1=skiprod
[Server@2e3f8a3e]: [Thread[HSQLDB Server @2e3f8a3e,5,main]]: server.address=127.0.0.1
[Server@2e3f8a3e]: [Thread[HSQLDB Server @2e3f8a3e,5,main]]: server.dbname.0=skidummy
[Server@2e3f8a3e]: [Thread[HSQLDB Server @2e3f8a3e,5,main]]: server.root=.
[Server@2e3f8a3e]: [Thread[HSQLDB Server @2e3f8a3e,5,main]]: openServerSocket() entered
[Server@2e3f8a3e]: [Thread[HSQLDB Server @2e3f8a3e,5,main]]: shutdown() entered
[Server@2e3f8a3e]: Initiating shutdown sequence...
[Server@2e3f8a3e]: [Thread[HSQLDB Server @2e3f8a3e,5,main]]: releaseServerSocket() entered
[Server@2e3f8a3e]: [Thread[HSQLDB Server @2e3f8a3e,5,main]]: releaseServerSocket() exited
[Server@2e3f8a3e]: Shutdown sequence completed in 5 ms.
[Server@2e3f8a3e]: 2015-01-28 16:27:38.269 SHUTDOWN : System.exit() was not called
[Server@2e3f8a3e]: [Thread[HSQLDB Server @2e3f8a3e,5,main]]: shutdown() exited
[Server@2e3f8a3e]: [Thread[HSQLDB Server @2e3f8a3e,5,main]]: ServerThread.run() exited
[Server@2e3f8a3e]: [Thread[main,5,main]]: start() exiting
DriverManager.getDriver("jdbc:hsqldb:hsql://127.0.0.1:60000/skidummy")
getDriver returning org.hsqldb.jdbc.JDBCDriver
[Server@2e3f8a3e]: [Thread[main,5,main]]: stop() entered
[Server@2e3f8a3e]: [Thread[main,5,main]]: stop() serverThread is null; no action taken
]]></system-out>
  <system-err><![CDATA[[Server@2e3f8a3e]: [Thread[HSQLDB Server @2e3f8a3e,5,main]]: run()/openServerSocket(): 
java.net.BindException: Address already in use
	at java.net.PlainSocketImpl.socketBind(Native Method)
	at java.net.AbstractPlainSocketImpl.bind(AbstractPlainSocketImpl.java:376)
	at java.net.ServerSocket.bind(ServerSocket.java:376)
	at java.net.ServerSocket.<init>(ServerSocket.java:237)
	at org.hsqldb.server.HsqlSocketFactory.createServerSocket(Unknown Source)
	at org.hsqldb.server.Server.openServerSocket(Unknown Source)
	at org.hsqldb.server.Server.run(Unknown Source)
	at org.hsqldb.server.Server.access$000(Unknown Source)
	at org.hsqldb.server.Server$ServerThread.run(Unknown Source)
2015-01-28 16:27:38.389:INFO::main: Logging initialized @1239ms
2015-01-28 16:27:38.504:INFO:oejs.Server:main: jetty-9.2.6.v20141205
Jan 28, 2015 4:27:38 PM net.sourceforge.stripes.vfs.VFS info
INFO: Using VFS adapter net.sourceforge.stripes.vfs.DefaultVFS
Jan 28, 2015 4:27:39 PM net.sourceforge.stripes.controller.multipart.DefaultMultipartWrapperFactory warn
WARNING: No MultipartWrapper implementation could be loaded
Jan 28, 2015 4:27:39 PM net.sourceforge.stripes.controller.StripesFilter info
INFO: Stripes Initialization Complete. Version: 1.5.7-classloaderfix, Build: 1.5.7-classloaderfix
2015-01-28 16:27:39.135:INFO:oejsh.ContextHandler:main: Started o.e.j.w.WebAppContext@61bb4e04{/,file:/Users/wjderaad/Documents/CU-School/Spring15/DataEng(Anderson)/RESTfulSkiPlanner/,AVAILABLE}
2015-01-28 16:27:39.142:WARN:oejuc.AbstractLifeCycle:main: FAILED ServerConnector@59264b6d{HTTP/1.1}{127.0.0.1:8080}: java.net.BindException: Address already in use
java.net.BindException: Address already in use
	at sun.nio.ch.Net.bind0(Native Method)
	at sun.nio.ch.Net.bind(Net.java:444)
	at sun.nio.ch.Net.bind(Net.java:436)
	at sun.nio.ch.ServerSocketChannelImpl.bind(ServerSocketChannelImpl.java:214)
	at sun.nio.ch.ServerSocketAdaptor.bind(ServerSocketAdaptor.java:74)
	at org.eclipse.jetty.server.ServerConnector.open(ServerConnector.java:321)
	at org.eclipse.jetty.server.AbstractNetworkConnector.doStart(AbstractNetworkConnector.java:80)
	at org.eclipse.jetty.server.ServerConnector.doStart(ServerConnector.java:236)
	at org.eclipse.jetty.util.component.AbstractLifeCycle.start(AbstractLifeCycle.java:68)
	at org.eclipse.jetty.server.Server.doStart(Server.java:366)
	at org.eclipse.jetty.util.component.AbstractLifeCycle.start(AbstractLifeCycle.java:68)
	at org.bshouse.wsdb.server.Servers.start(Servers.java:60)
	at org.bshouse.wsdb.test.SkiPlannerApiTest.startServers(SkiPlannerApiTest.java:49)
	at sun.reflect.NativeMethodAccessorImpl.invoke0(Native Method)
	at sun.reflect.NativeMethodAccessorImpl.invoke(NativeMethodAccessorImpl.java:57)
	at sun.reflect.DelegatingMethodAccessorImpl.invoke(DelegatingMethodAccessorImpl.java:43)
	at java.lang.reflect.Method.invoke(Method.java:606)
	at org.junit.runners.model.FrameworkMethod$1.runReflectiveCall(FrameworkMethod.java:47)
	at org.junit.internal.runners.model.ReflectiveCallable.run(ReflectiveCallable.java:12)
	at org.junit.runners.model.FrameworkMethod.invokeExplosively(FrameworkMethod.java:44)
	at org.junit.internal.runners.statements.RunBefores.evaluate(RunBefores.java:24)
	at org.junit.internal.runners.statements.RunAfters.evaluate(RunAfters.java:27)
	at org.junit.runners.ParentRunner.run(ParentRunner.java:309)
	at junit.framework.JUnit4TestAdapter.run(JUnit4TestAdapter.java:38)
	at org.apache.tools.ant.taskdefs.optional.junit.JUnitTestRunner.run(JUnitTestRunner.java:532)
	at org.apache.tools.ant.taskdefs.optional.junit.JUnitTestRunner.launch(JUnitTestRunner.java:1179)
	at org.apache.tools.ant.taskdefs.optional.junit.JUnitTestRunner.main(JUnitTestRunner.java:1030)
2015-01-28 16:27:39.144:WARN:oejuc.AbstractLifeCycle:main: FAILED org.eclipse.jetty.server.Server@61220ed4: java.net.BindException: Address already in use
java.net.BindException: Address already in use
	at sun.nio.ch.Net.bind0(Native Method)
	at sun.nio.ch.Net.bind(Net.java:444)
	at sun.nio.ch.Net.bind(Net.java:436)
	at sun.nio.ch.ServerSocketChannelImpl.bind(ServerSocketChannelImpl.java:214)
	at sun.nio.ch.ServerSocketAdaptor.bind(ServerSocketAdaptor.java:74)
	at org.eclipse.jetty.server.ServerConnector.open(ServerConnector.java:321)
	at org.eclipse.jetty.server.AbstractNetworkConnector.doStart(AbstractNetworkConnector.java:80)
	at org.eclipse.jetty.server.ServerConnector.doStart(ServerConnector.java:236)
	at org.eclipse.jetty.util.component.AbstractLifeCycle.start(AbstractLifeCycle.java:68)
	at org.eclipse.jetty.server.Server.doStart(Server.java:366)
	at org.eclipse.jetty.util.component.AbstractLifeCycle.start(AbstractLifeCycle.java:68)
	at org.bshouse.wsdb.server.Servers.start(Servers.java:60)
	at org.bshouse.wsdb.test.SkiPlannerApiTest.startServers(SkiPlannerApiTest.java:49)
	at sun.reflect.NativeMethodAccessorImpl.invoke0(Native Method)
	at sun.reflect.NativeMethodAccessorImpl.invoke(NativeMethodAccessorImpl.java:57)
	at sun.reflect.DelegatingMethodAccessorImpl.invoke(DelegatingMethodAccessorImpl.java:43)
	at java.lang.reflect.Method.invoke(Method.java:606)
	at org.junit.runners.model.FrameworkMethod$1.runReflectiveCall(FrameworkMethod.java:47)
	at org.junit.internal.runners.model.ReflectiveCallable.run(ReflectiveCallable.java:12)
	at org.junit.runners.model.FrameworkMethod.invokeExplosively(FrameworkMethod.java:44)
	at org.junit.internal.runners.statements.RunBefores.evaluate(RunBefores.java:24)
	at org.junit.internal.runners.statements.RunAfters.evaluate(RunAfters.java:27)
	at org.junit.runners.ParentRunner.run(ParentRunner.java:309)
	at junit.framework.JUnit4TestAdapter.run(JUnit4TestAdapter.java:38)
	at org.apache.tools.ant.taskdefs.optional.junit.JUnitTestRunner.run(JUnitTestRunner.java:532)
	at org.apache.tools.ant.taskdefs.optional.junit.JUnitTestRunner.launch(JUnitTestRunner.java:1179)
	at org.apache.tools.ant.taskdefs.optional.junit.JUnitTestRunner.main(JUnitTestRunner.java:1030)
java.net.BindException: Address already in use
	at sun.nio.ch.Net.bind0(Native Method)
	at sun.nio.ch.Net.bind(Net.java:444)
	at sun.nio.ch.Net.bind(Net.java:436)
	at sun.nio.ch.ServerSocketChannelImpl.bind(ServerSocketChannelImpl.java:214)
	at sun.nio.ch.ServerSocketAdaptor.bind(ServerSocketAdaptor.java:74)
	at org.eclipse.jetty.server.ServerConnector.open(ServerConnector.java:321)
	at org.eclipse.jetty.server.AbstractNetworkConnector.doStart(AbstractNetworkConnector.java:80)
	at org.eclipse.jetty.server.ServerConnector.doStart(ServerConnector.java:236)
	at org.eclipse.jetty.util.component.AbstractLifeCycle.start(AbstractLifeCycle.java:68)
	at org.eclipse.jetty.server.Server.doStart(Server.java:366)
	at org.eclipse.jetty.util.component.AbstractLifeCycle.start(AbstractLifeCycle.java:68)
	at org.bshouse.wsdb.server.Servers.start(Servers.java:60)
	at org.bshouse.wsdb.test.SkiPlannerApiTest.startServers(SkiPlannerApiTest.java:49)
	at sun.reflect.NativeMethodAccessorImpl.invoke0(Native Method)
	at sun.reflect.NativeMethodAccessorImpl.invoke(NativeMethodAccessorImpl.java:57)
	at sun.reflect.DelegatingMethodAccessorImpl.invoke(DelegatingMethodAccessorImpl.java:43)
	at java.lang.reflect.Method.invoke(Method.java:606)
	at org.junit.runners.model.FrameworkMethod$1.runReflectiveCall(FrameworkMethod.java:47)
	at org.junit.internal.runners.model.ReflectiveCallable.run(ReflectiveCallable.java:12)
	at org.junit.runners.model.FrameworkMethod.invokeExplosively(FrameworkMethod.java:44)
	at org.junit.internal.runners.statements.RunBefores.evaluate(RunBefores.java:24)
	at org.junit.internal.runners.statements.RunAfters.evaluate(RunAfters.java:27)
	at org.junit.runners.ParentRunner.run(ParentRunner.java:309)
	at junit.framework.JUnit4TestAdapter.run(JUnit4TestAdapter.java:38)
	at org.apache.tools.ant.taskdefs.optional.junit.JUnitTestRunner.run(JUnitTestRunner.java:532)
	at org.apache.tools.ant.taskdefs.optional.junit.JUnitTestRunner.launch(JUnitTestRunner.java:1179)
	at org.apache.tools.ant.taskdefs.optional.junit.JUnitTestRunner.main(JUnitTestRunner.java:1030)
Jan 28, 2015 4:27:39 PM org.hibernate.annotations.common.reflection.java.JavaReflectionManager <clinit>
INFO: HCANN000001: Hibernate Commons Annotations {4.0.5.Final}
Jan 28, 2015 4:27:39 PM org.hibernate.Version logVersion
INFO: HHH000412: Hibernate Core {4.3.8.Final}
Jan 28, 2015 4:27:39 PM org.hibernate.cfg.Environment <clinit>
INFO: HHH000206: hibernate.properties not found
Jan 28, 2015 4:27:39 PM org.hibernate.cfg.Environment buildBytecodeProvider
INFO: HHH000021: Bytecode provider name : javassist
Jan 28, 2015 4:27:39 PM org.hibernate.cfg.Configuration configure
INFO: HHH000043: Configuring from resource: /hibernate.cfg.xml
Jan 28, 2015 4:27:39 PM org.hibernate.cfg.Configuration getConfigurationInputStream
INFO: HHH000040: Configuration resource: /hibernate.cfg.xml
Jan 28, 2015 4:27:39 PM org.hibernate.cfg.Configuration doConfigure
INFO: HHH000041: Configured SessionFactory: null
Jan 28, 2015 4:27:39 PM org.hibernate.c3p0.internal.C3P0ConnectionProvider configure
INFO: HHH010002: C3P0 using driver: org.hsqldb.jdbcDriver at URL: jdbc:hsqldb:hsql://127.0.0.1:60000/skidummy
Jan 28, 2015 4:27:39 PM org.hibernate.c3p0.internal.C3P0ConnectionProvider configure
INFO: HHH000046: Connection properties: {user=skidefault, password=****, autocommit=true}
Jan 28, 2015 4:27:39 PM org.hibernate.c3p0.internal.C3P0ConnectionProvider configure
INFO: HHH000006: Autocommit mode: true
Jan 28, 2015 4:27:39 PM com.mchange.v2.log.MLog <clinit>
INFO: MLog clients using java 1.4+ standard logging.
Jan 28, 2015 4:27:39 PM com.mchange.v2.c3p0.C3P0Registry banner
INFO: Initializing c3p0-0.9.2.1 [built 20-March-2013 10:47:27 +0000; debug? true; trace: 10]
Jan 28, 2015 4:27:39 PM com.mchange.v2.c3p0.impl.AbstractPoolBackedDataSource getPoolManager
INFO: Initializing c3p0 pool... com.mchange.v2.c3p0.PoolBackedDataSource@4451f93c [ connectionPoolDataSource -> com.mchange.v2.c3p0.WrapperConnectionPoolDataSource@27624998 [ acquireIncrement -> 3, acquireRetryAttempts -> 3, acquireRetryDelay -> 1000, autoCommitOnClose -> false, automaticTestTable -> null, breakAfterAcquireFailure -> false, checkoutTimeout -> 0, connectionCustomizerClassName -> null, connectionTesterClassName -> com.mchange.v2.c3p0.impl.DefaultConnectionTester, debugUnreturnedConnectionStackTraces -> false, factoryClassLocation -> null, forceIgnoreUnresolvedTransactions -> false, identityToken -> 2rvxtu97e454yz1qniqxy|4ce6bd1a, idleConnectionTestPeriod -> 0, initialPoolSize -> 5, maxAdministrativeTaskTime -> 0, maxConnectionAge -> 0, maxIdleTime -> 2800, maxIdleTimeExcessConnections -> 0, maxPoolSize -> 20, maxStatements -> 50, maxStatementsPerConnection -> 0, minPoolSize -> 5, nestedDataSource -> com.mchange.v2.c3p0.DriverManagerDataSource@48115032 [ description -> null, driverClass -> null, factoryClassLocation -> null, identityToken -> 2rvxtu97e454yz1qniqxy|34beb116, jdbcUrl -> jdbc:hsqldb:hsql://127.0.0.1:60000/skidummy, properties -> {user=******, password=******, autocommit=true} ], preferredTestQuery -> null, propertyCycle -> 0, statementCacheNumDeferredCloseThreads -> 0, testConnectionOnCheckin -> false, testConnectionOnCheckout -> false, unreturnedConnectionTimeout -> 0, usesTraditionalReflectiveProxies -> false; userOverrides: {} ], dataSourceName -> null, factoryClassLocation -> null, identityToken -> 2rvxtu97e454yz1qniqxy|47b36583, numHelperThreads -> 3 ]
Jan 28, 2015 4:27:40 PM org.hibernate.dialect.Dialect <init>
INFO: HHH000400: Using dialect: org.hibernate.dialect.HSQLDialect
Jan 28, 2015 4:27:40 PM org.hibernate.engine.jdbc.internal.LobCreatorBuilder useContextualLobCreation
INFO: HHH000424: Disabling contextual LOB creation as createClob() method threw error : java.lang.reflect.InvocationTargetException
Jan 28, 2015 4:27:40 PM org.hibernate.hql.internal.ast.ASTQueryTranslatorFactory <init>
INFO: HHH000397: Using ASTQueryTranslatorFactory
2015-01-28 16:27:40.756:INFO:oejs.ServerConnector:main: Stopped ServerConnector@59264b6d{HTTP/1.1}{127.0.0.1:8080}
2015-01-28 16:27:40.762:INFO:oejsh.ContextHandler:main: Stopped o.e.j.w.WebAppContext@61bb4e04{/,file:/Users/wjderaad/Documents/CU-School/Spring15/DataEng(Anderson)/RESTfulSkiPlanner/,UNAVAILABLE}
]]></system-err>
</testsuite>
