<?xml version="1.0" encoding="UTF-8" ?>
<testsuite errors="0" failures="6" hostname="Roninsamakun-HP" name="org.bshouse.wsdb.test.SkiEventApiTest" skipped="0" tests="8" time="2.892" timestamp="2015-01-29T19:12:22">
  <properties>
    <property name="java.vendor" value="Oracle Corporation" />
    <property name="sun.java.launcher" value="SUN_STANDARD" />
    <property name="sun.management.compiler" value="HotSpot 64-Bit Tiered Compilers" />
    <property name="env.UOIPME_REG_PATH" value="C:\Program Files\Intel Corporation\USB over IP" />
    <property name="env.PROMPT" value="$P$G" />
    <property name="os.name" value="Windows 7" />
    <property name="env.FP_NO_HOST_CHECK" value="NO" />
    <property name="sun.boot.class.path" value="C:\Program Files\Java\jre1.8.0_25\lib\resources.jar;C:\Program Files\Java\jre1.8.0_25\lib\rt.jar;C:\Program Files\Java\jre1.8.0_25\lib\sunrsasign.jar;C:\Program Files\Java\jre1.8.0_25\lib\jsse.jar;C:\Program Files\Java\jre1.8.0_25\lib\jce.jar;C:\Program Files\Java\jre1.8.0_25\lib\charsets.jar;C:\Program Files\Java\jre1.8.0_25\lib\jfr.jar;C:\Program Files\Java\jre1.8.0_25\classes" />
    <property name="env.COMPUTERNAME" value="RONINSAMAKUN-HP" />
    <property name="env.CommonProgramW6432" value="C:\Program Files\Common Files" />
    <property name="env.ALLUSERSPROFILE" value="C:\ProgramData" />
    <property name="sun.desktop" value="windows" />
    <property name="java.vm.specification.vendor" value="Oracle Corporation" />
    <property name="ant.file.type.RESTfulSkiPlanner" value="file" />
    <property name="ant.home" value="C:\ant\apache-ant-1.9.4\bin\.." />
    <property name="java.runtime.version" value="1.8.0_25-b18" />
    <property name="ant.file.RESTfulSkiPlanner" value="C:\Users\Roninsamakun\Documents\GitHub\RESTfulSkiPlanner\build.xml" />
    <property name="env.HOMEPATH" value="\Users\Roninsamakun" />
    <property name="user.name" value="Roninsamakun" />
    <property name="user.language" value="en" />
    <property name="env.windows_tracing_flags" value="3" />
    <property name="env.SBT_HOME" value="C:\Program Files (x86)\sbt\" />
    <property name="sun.boot.library.path" value="C:\Program Files\Java\jre1.8.0_25\bin" />
    <property name="ant.project.default-target" value="build" />
    <property name="ant.project.name" value="RESTfulSkiPlanner" />
    <property name="java.version" value="1.8.0_25" />
    <property name="env.PROCESSOR_IDENTIFIER" value="Intel64 Family 6 Model 60 Stepping 3, GenuineIntel" />
    <property name="env.OnlineServices" value="Online Services" />
    <property name="user.timezone" value="America/Los_Angeles" />
    <property name="env.asl.log" value="Destination=file" />
    <property name="env.TEMP" value="C:\Users\Roninsamakun\AppData\Local\Temp" />
    <property name="sun.arch.data.model" value="64" />
    <property name="java.endorsed.dirs" value="C:\Program Files\Java\jre1.8.0_25\lib\endorsed" />
    <property name="env._JAVACMD" value="java.exe" />
    <property name="sun.cpu.isalist" value="amd64" />
    <property name="env.OOBEUILang" value="en-US" />
    <property name="env.HOMEDRIVE" value="C:" />
    <property name="sun.jnu.encoding" value="Cp1252" />
    <property name="file.encoding.pkg" value="sun.io" />
    <property name="file.separator" value="\" />
    <property name="java.specification.name" value="Java Platform API Specification" />
    <property name="java.class.version" value="52.0" />
    <property name="user.country" value="US" />
    <property name="java.home" value="C:\Program Files\Java\jre1.8.0_25" />
    <property name="env.PSModulePath" value="C:\Windows\system32\WindowsPowerShell\v1.0\Modules\" />
    <property name="env.APPDATA" value="C:\Users\Roninsamakun\AppData\Roaming" />
    <property name="env.PUBLIC" value="C:\Users\Public" />
    <property name="env.windows_tracing_logfile" value="C:\BVTBin\Tests\installpackage\csilogfile.log" />
    <property name="java.vm.info" value="mixed mode" />
    <property name="env.ComSpec" value="C:\Windows\system32\cmd.exe" />
    <property name="env.OS" value="Windows_NT" />
    <property name="env.CommonProgramFiles" value="C:\Program Files\Common Files" />
    <property name="ant.file" value="C:\Users\Roninsamakun\Documents\GitHub\RESTfulSkiPlanner\build.xml" />
    <property name="os.version" value="6.1" />
    <property name="env.ProgramW6432" value="C:\Program Files" />
    <property name="env._USE_CLASSPATH" value="no" />
    <property name="env.=::" value="::\" />
    <property name="path.separator" value=";" />
    <property name="java.vm.version" value="25.25-b02" />
    <property name="env.USERPROFILE" value="C:\Users\Roninsamakun" />
    <property name="user.variant" value="" />
    <property name="ant.library.dir" value="C:\ant\apache-ant-1.9.4\lib" />
    <property name="junit.output.dir" value="junit" />
    <property name="java.awt.printerjob" value="sun.awt.windows.WPrinterJob" />
    <property name="env.TMP" value="C:\Users\Roninsamakun\AppData\Local\Temp" />
    <property name="sun.io.unicode.encoding" value="UnicodeLittle" />
    <property name="awt.toolkit" value="sun.awt.windows.WToolkit" />
    <property name="sun.stdout.encoding" value="cp437" />
    <property name="user.script" value="" />
    <property name="user.home" value="C:\Users\Roninsamakun" />
    <property name="target" value="1.7" />
    <property name="env.ProgramData" value="C:\ProgramData" />
    <property name="env.ProgramFiles(x86)" value="C:\Program Files (x86)" />
    <property name="env.SESSIONNAME" value="Console" />
    <property name="java.specification.vendor" value="Oracle Corporation" />
    <property name="java.vendor.url" value="http://java.oracle.com/" />
    <property name="java.library.path" value="C:\Program Files\Java\jre1.8.0_25\bin;C:\Windows\Sun\Java\bin;C:\Windows\system32;C:\Windows;C:\ProgramData\Oracle\Java\javapath;c:\Program Files (x86)\Intel\iCLS Client\;c:\Program Files\Intel\iCLS Client\;C:\Windows\system32;C:\Windows;C:\Windows\System32\Wbem;C:\Windows\System32\WindowsPowerShell\v1.0\;c:\Program Files (x86)\ATI Technologies\ATI.ACE\Core-Static;C:\Program Files\Intel\WiFi\bin\;C:\Program Files\Common Files\Intel\WirelessCommon\;C:\Python27;C:\Python34;C:\scala\bin;C:\sbt\bin;C:\Ruby21\bin;;C:\Program Files (x86)\Intel\OpenCL SDK\3.0\bin\x86;C:\Program Files (x86)\Intel\OpenCL SDK\3.0\bin\x64;C:\Program Files\Intel\Intel(R) Management Engine Components\DAL;C:\Program Files\Intel\Intel(R) Management Engine Components\IPT;C:\Program Files (x86)\Intel\Intel(R) Management Engine Components\DAL;C:\Program Files (x86)\Intel\Intel(R) Management Engine Components\IPT;C:\Program Files (x86)\nodejs\;C:\RailsInstaller\Git\cmd;C:\RailsInstaller\Ruby2.1.0\bin;C:\Ruby21\bin;C:\Users\Roninsamakun\AppData\Roaming\npm;C:\ant\apache-ant-1.9.4\bin;;." />
    <property name="env.NUMBER_OF_PROCESSORS" value="8" />
    <property name="java.vm.vendor" value="Oracle Corporation" />
    <property name="java.runtime.name" value="Java(TM) SE Runtime Environment" />
    <property name="ant.version" value="Apache Ant(TM) version 1.9.4 compiled on April 29 2014" />
    <property name="sun.java.command" value="org.apache.tools.ant.taskdefs.optional.junit.JUnitTestRunner org.bshouse.wsdb.test.SkiEventApiTest skipNonTests=false filtertrace=true haltOnError=false haltOnFailure=false formatter=org.apache.tools.ant.taskdefs.optional.junit.OutErrSummaryJUnitResultFormatter showoutput=false outputtoformatters=true logfailedtests=true threadid=0 logtestlistenerevents=false formatter=org.apache.tools.ant.taskdefs.optional.junit.XMLJUnitResultFormatter,C:\Users\Roninsamakun\Documents\GitHub\RESTfulSkiPlanner\junit\TEST-org.bshouse.wsdb.test.SkiEventApiTest.xml crashfile=C:\Users\Roninsamakun\Documents\GitHub\RESTfulSkiPlanner\junitvmwatcher7449318208436861316.properties propsfile=C:\Users\Roninsamakun\Documents\GitHub\RESTfulSkiPlanner\junit1021234932612449316.properties" />
    <property name="java.class.path" value="C:\Users\Roninsamakun\Documents\GitHub\RESTfulSkiPlanner\WEB-INF\bin;C:\Users\Roninsamakun\Documents\GitHub\RESTfulSkiPlanner\WEB-INF\lib\hibernate-4.3.8\antlr-2.7.7.jar;C:\Users\Roninsamakun\Documents\GitHub\RESTfulSkiPlanner\WEB-INF\lib\hibernate-4.3.8\c3p0-0.9.2.1.jar;C:\Users\Roninsamakun\Documents\GitHub\RESTfulSkiPlanner\WEB-INF\lib\hibernate-4.3.8\dom4j-1.6.1.jar;C:\Users\Roninsamakun\Documents\GitHub\RESTfulSkiPlanner\WEB-INF\lib\hibernate-4.3.8\hibernate-c3p0-4.3.8.Final.jar;C:\Users\Roninsamakun\Documents\GitHub\RESTfulSkiPlanner\WEB-INF\lib\hibernate-4.3.8\hibernate-commons-annotations-4.0.5.Final.jar;C:\Users\Roninsamakun\Documents\GitHub\RESTfulSkiPlanner\WEB-INF\lib\hibernate-4.3.8\hibernate-core-4.3.8.Final.jar;C:\Users\Roninsamakun\Documents\GitHub\RESTfulSkiPlanner\WEB-INF\lib\hibernate-4.3.8\hibernate-entitymanager-4.3.8.Final.jar;C:\Users\Roninsamakun\Documents\GitHub\RESTfulSkiPlanner\WEB-INF\lib\hibernate-4.3.8\hibernate-jpa-2.1-api-1.0.0.Final.jar;C:\Users\Roninsamakun\Documents\GitHub\RESTfulSkiPlanner\WEB-INF\lib\hibernate-4.3.8\jandex-1.1.0.Final.jar;C:\Users\Roninsamakun\Documents\GitHub\RESTfulSkiPlanner\WEB-INF\lib\hibernate-4.3.8\javassist-3.18.1-GA.jar;C:\Users\Roninsamakun\Documents\GitHub\RESTfulSkiPlanner\WEB-INF\lib\hibernate-4.3.8\jboss-logging-3.1.3.GA.jar;C:\Users\Roninsamakun\Documents\GitHub\RESTfulSkiPlanner\WEB-INF\lib\hibernate-4.3.8\jboss-logging-annotations-1.2.0.Beta1.jar;C:\Users\Roninsamakun\Documents\GitHub\RESTfulSkiPlanner\WEB-INF\lib\hibernate-4.3.8\jboss-transaction-api_1.2_spec-1.0.0.Final.jar;C:\Users\Roninsamakun\Documents\GitHub\RESTfulSkiPlanner\WEB-INF\lib\hibernate-4.3.8\mchange-commons-java-0.2.3.4.jar;C:\Users\Roninsamakun\Documents\GitHub\RESTfulSkiPlanner\WEB-INF\lib\stripes-1.5.7-classloaderfix.jar;C:\Users\Roninsamakun\Documents\GitHub\RESTfulSkiPlanner\WEB-INF\lib\jetty-9.2.6\jetty-client-9.2.6.v20141205.jar;C:\Users\Roninsamakun\Documents\GitHub\RESTfulSkiPlanner\WEB-INF\lib\jetty-9.2.6\jetty-continuation-9.2.6.v20141205.jar;C:\Users\Roninsamakun\Documents\GitHub\RESTfulSkiPlanner\WEB-INF\lib\jetty-9.2.6\jetty-deploy-9.2.6.v20141205.jar;C:\Users\Roninsamakun\Documents\GitHub\RESTfulSkiPlanner\WEB-INF\lib\jetty-9.2.6\jetty-http-9.2.6.v20141205.jar;C:\Users\Roninsamakun\Documents\GitHub\RESTfulSkiPlanner\WEB-INF\lib\jetty-9.2.6\jetty-io-9.2.6.v20141205.jar;C:\Users\Roninsamakun\Documents\GitHub\RESTfulSkiPlanner\WEB-INF\lib\jetty-9.2.6\jetty-plus-9.2.6.v20141205.jar;C:\Users\Roninsamakun\Documents\GitHub\RESTfulSkiPlanner\WEB-INF\lib\jetty-9.2.6\jetty-rewrite-9.2.6.v20141205.jar;C:\Users\Roninsamakun\Documents\GitHub\RESTfulSkiPlanner\WEB-INF\lib\jetty-9.2.6\jetty-schemas-3.1.jar;C:\Users\Roninsamakun\Documents\GitHub\RESTfulSkiPlanner\WEB-INF\lib\jetty-9.2.6\jetty-security-9.2.6.v20141205.jar;C:\Users\Roninsamakun\Documents\GitHub\RESTfulSkiPlanner\WEB-INF\lib\jetty-9.2.6\jetty-server-9.2.6.v20141205.jar;C:\Users\Roninsamakun\Documents\GitHub\RESTfulSkiPlanner\WEB-INF\lib\jetty-9.2.6\jetty-servlet-9.2.6.v20141205.jar;C:\Users\Roninsamakun\Documents\GitHub\RESTfulSkiPlanner\WEB-INF\lib\jetty-9.2.6\jetty-servlets-9.2.6.v20141205.jar;C:\Users\Roninsamakun\Documents\GitHub\RESTfulSkiPlanner\WEB-INF\lib\jetty-9.2.6\jetty-util-9.2.6.v20141205.jar;C:\Users\Roninsamakun\Documents\GitHub\RESTfulSkiPlanner\WEB-INF\lib\jetty-9.2.6\jetty-webapp-9.2.6.v20141205.jar;C:\Users\Roninsamakun\Documents\GitHub\RESTfulSkiPlanner\WEB-INF\lib\jetty-9.2.6\jetty-xml-9.2.6.v20141205.jar;C:\Users\Roninsamakun\Documents\GitHub\RESTfulSkiPlanner\WEB-INF\lib\jetty-9.2.6\servlet-api-3.1.jar;C:\Users\Roninsamakun\Documents\GitHub\RESTfulSkiPlanner\WEB-INF\lib\hsqldb-2.3.2\hsqldb.jar;C:\Users\Roninsamakun\Documents\GitHub\RESTfulSkiPlanner\WEB-INF\lib\hsqldb-2.3.2\sqltool.jar;C:\Users\Roninsamakun\Documents\GitHub\RESTfulSkiPlanner\WEB-INF\lib\jetty-9.2.6\javax.el-3.0.0.jar;C:\Users\Roninsamakun\Documents\GitHub\RESTfulSkiPlanner\WEB-INF\lib\jetty-9.2.6\javax.servlet.jsp-2.3.2.jar;C:\Users\Roninsamakun\Documents\GitHub\RESTfulSkiPlanner\WEB-INF\lib\jetty-9.2.6\javax.servlet.jsp-api-2.3.1.jar;C:\Users\Roninsamakun\Documents\GitHub\RESTfulSkiPlanner\WEB-INF\lib\jetty-9.2.6\javax.servlet.jsp.jstl-1.2.2.jar;C:\Users\Roninsamakun\Documents\GitHub\RESTfulSkiPlanner\WEB-INF\lib\jetty-9.2.6\jetty-jsp-9.2.6.v20141205.jar;C:\Users\Roninsamakun\Documents\GitHub\RESTfulSkiPlanner\WEB-INF\lib\jetty-9.2.6\jetty-jsp-jdt-2.3.3.jar;C:\Users\Roninsamakun\Documents\GitHub\RESTfulSkiPlanner\WEB-INF\lib\jetty-9.2.6\org.apache.taglibs.taglibs-standard-impl-1.2.1.jar;C:\Users\Roninsamakun\Documents\GitHub\RESTfulSkiPlanner\WEB-INF\lib\jetty-9.2.6\org.apache.taglibs.taglibs-standard-spec-1.2.1.jar;C:\Users\Roninsamakun\Documents\GitHub\RESTfulSkiPlanner\WEB-INF\lib\jetty-9.2.6\org.eclipse.jdt.core-3.8.2.v20130121.jar;C:\Users\Roninsamakun\Documents\GitHub\RESTfulSkiPlanner\WEB-INF\lib\jetty-9.2.6\org.eclipse.jetty.apache-jsp-9.2.6.v20141205.jar;C:\Users\Roninsamakun\Documents\GitHub\RESTfulSkiPlanner\WEB-INF\lib\jetty-9.2.6\org.eclipse.jetty.orbit.javax.servlet.jsp.jstl-1.2.0.v201105211821.jar;C:\Users\Roninsamakun\Documents\GitHub\RESTfulSkiPlanner\WEB-INF\lib\jetty-9.2.6\org.eclipse.jetty.orbit.org.eclipse.jdt.core-3.8.2.v20130121.jar;C:\Users\Roninsamakun\Documents\GitHub\RESTfulSkiPlanner\WEB-INF\lib\jetty-9.2.6\org.mortbay.jasper.apache-el-8.0.9.M3.jar;C:\Users\Roninsamakun\Documents\GitHub\RESTfulSkiPlanner\WEB-INF\lib\jetty-9.2.6\org.mortbay.jasper.apache-jsp-8.0.9.M3.jar;C:\Users\Roninsamakun\Documents\GitHub\RESTfulSkiPlanner\WEB-INF\lib\commons-logging-1.2.jar;C:\Users\Roninsamakun\Documents\GitHub\RESTfulSkiPlanner\WEB-INF\src\properties;C:\Users\Roninsamakun\Documents\GitHub\RESTfulSkiPlanner\WEB-INF\lib\gson-2.3.1.jar;C:\Users\Roninsamakun\Documents\GitHub\RESTfulSkiPlanner\WEB-INF\lib\commons-lang3-3.3.2.jar;C:\Users\Roninsamakun\Documents\GitHub\RESTfulSkiPlanner\WEB-INF\lib\commons-cli-1.2.jar;C:\Users\Roninsamakun\Documents\GitHub\RESTfulSkiPlanner\WEB-INF\lib\commons-codec-1.6.jar;C:\Users\Roninsamakun\Documents\GitHub\RESTfulSkiPlanner\WEB-INF\lib\commons-logging-1.1.3.jar;C:\Users\Roninsamakun\Documents\GitHub\RESTfulSkiPlanner\WEB-INF\lib\fluent-hc-4.3.6.jar;C:\Users\Roninsamakun\Documents\GitHub\RESTfulSkiPlanner\WEB-INF\lib\httpclient-4.3.6.jar;C:\Users\Roninsamakun\Documents\GitHub\RESTfulSkiPlanner\WEB-INF\lib\httpclient-cache-4.3.6.jar;C:\Users\Roninsamakun\Documents\GitHub\RESTfulSkiPlanner\WEB-INF\lib\httpcore-4.3.3.jar;C:\Users\Roninsamakun\Documents\GitHub\RESTfulSkiPlanner\WEB-INF\lib\httpmime-4.3.6.jar;C:\Users\Roninsamakun\Documents\GitHub\RESTfulSkiPlanner\WEB-INF\lib\commons-io-2.4.jar;C:\Users\Roninsamakun\Documents\GitHub\RESTfulSkiPlanner\WEB-INF\lib\junit.jar;C:\Users\Roninsamakun\Documents\GitHub\RESTfulSkiPlanner\WEB-INF\lib\org.hamcrest.core_1.3.0.v201303031735.jar;C:\ant\apache-ant-1.9.4\lib\ant-launcher.jar;C:\ant\apache-ant-1.9.4\lib\ant.jar;C:\ant\apache-ant-1.9.4\lib\ant-junit.jar;C:\ant\apache-ant-1.9.4\lib\ant-junit4.jar" />
    <property name="env.PCBRAND" value="Pavilion" />
    <property name="java.vm.specification.name" value="Java Virtual Machine Specification" />
    <property name="ant.file.type" value="file" />
    <property name="env.LOGONSERVER" value="\\RONINSAMAKUN-HP" />
    <property name="env.windir" value="C:\Windows" />
    <property name="env.PROCESSOR_ARCHITECTURE" value="AMD64" />
    <property name="java.vm.specification.version" value="1.8" />
    <property name="sun.os.patch.level" value="Service Pack 1" />
    <property name="sun.cpu.endian" value="little" />
    <property name="debuglevel" value="source,lines,vars" />
    <property name="env.ANT_HOME" value="C:\ant\apache-ant-1.9.4\bin\.." />
    <property name="env.ProgramFiles" value="C:\Program Files" />
    <property name="env.PROCESSOR_REVISION" value="3c03" />
    <property name="java.io.tmpdir" value="C:\Users\Roninsamakun\AppData\Local\Temp\" />
    <property name="env.CommonProgramFiles(x86)" value="C:\Program Files (x86)\Common Files" />
    <property name="java.vendor.url.bug" value="http://bugreport.sun.com/bugreport/" />
    <property name="env.SystemRoot" value="C:\Windows" />
    <property name="env.ANT_CMD_LINE_ARGS" value=" SkiEventApiTest" />
    <property name="os.arch" value="amd64" />
    <property name="java.awt.graphicsenv" value="sun.awt.Win32GraphicsEnvironment" />
    <property name="java.ext.dirs" value="C:\Program Files\Java\jre1.8.0_25\lib\ext;C:\Windows\Sun\Java\lib\ext" />
    <property name="user.dir" value="C:\Users\Roninsamakun\Documents\GitHub\RESTfulSkiPlanner" />
    <property name="env.LOCALAPPDATA" value="C:\Users\Roninsamakun\AppData\Local" />
    <property name="line.separator" value="&#xd;&#xa;" />
    <property name="java.vm.name" value="Java HotSpot(TM) 64-Bit Server VM" />
    <property name="env.PATHEXT" value=".COM;.EXE;.BAT;.CMD;.VBS;.VBE;.JS;.JSE;.WSF;.WSH;.MSC;.PY;.RB;.RBW" />
    <property name="env.Path" value="C:\ProgramData\Oracle\Java\javapath;c:\Program Files (x86)\Intel\iCLS Client\;c:\Program Files\Intel\iCLS Client\;C:\Windows\system32;C:\Windows;C:\Windows\System32\Wbem;C:\Windows\System32\WindowsPowerShell\v1.0\;c:\Program Files (x86)\ATI Technologies\ATI.ACE\Core-Static;C:\Program Files\Intel\WiFi\bin\;C:\Program Files\Common Files\Intel\WirelessCommon\;C:\Python27;C:\Python34;C:\scala\bin;C:\sbt\bin;C:\Ruby21\bin;;C:\Program Files (x86)\Intel\OpenCL SDK\3.0\bin\x86;C:\Program Files (x86)\Intel\OpenCL SDK\3.0\bin\x64;C:\Program Files\Intel\Intel(R) Management Engine Components\DAL;C:\Program Files\Intel\Intel(R) Management Engine Components\IPT;C:\Program Files (x86)\Intel\Intel(R) Management Engine Components\DAL;C:\Program Files (x86)\Intel\Intel(R) Management Engine Components\IPT;C:\Program Files (x86)\nodejs\;C:\RailsInstaller\Git\cmd;C:\RailsInstaller\Ruby2.1.0\bin;C:\Ruby21\bin;C:\Users\Roninsamakun\AppData\Roaming\npm;C:\ant\apache-ant-1.9.4\bin;" />
    <property name="basedir" value="C:\Users\Roninsamakun\Documents\GitHub\RESTfulSkiPlanner" />
    <property name="env.FPPUILang" value="en-US" />
    <property name="ant.java.version" value="1.8" />
    <property name="ant.core.lib" value="C:\ant\apache-ant-1.9.4\lib\ant.jar" />
    <property name="env.USERNAME" value="Roninsamakun" />
    <property name="source" value="1.7" />
    <property name="env.SystemDrive" value="C:" />
    <property name="sun.stderr.encoding" value="cp437" />
    <property name="file.encoding" value="Cp1252" />
    <property name="env.PTSMINSTALLPATH_X86" value="C:\Program Files (x86)\Hewlett-Packard\HP ProtectTools Security Manager\" />
    <property name="env.USERDOMAIN" value="Roninsamakun-HP" />
    <property name="java.specification.version" value="1.8" />
    <property name="env.=C:" value="C:\Users\Roninsamakun\Documents\GitHub\RESTfulSkiPlanner" />
    <property name="ant.project.invoked-targets" value="SkiEventApiTest" />
    <property name="env.Platform" value="BNB" />
    <property name="env.VBOX_MSI_INSTALL_PATH" value="C:\Program Files\Oracle\VirtualBox\" />
    <property name="env.PROCESSOR_LEVEL" value="6" />
  </properties>
  <testcase classname="org.bshouse.wsdb.test.SkiEventApiTest" name="testskieventDeleteInvalid" time="0.41">
    <failure type="junit.framework.AssertionFailedError">junit.framework.AssertionFailedError
	at org.bshouse.wsdb.test.SkiEventApiTest.testskieventDeleteInvalid(SkiEventApiTest.java:358)
</failure>
  </testcase>
  <testcase classname="org.bshouse.wsdb.test.SkiEventApiTest" name="testskieventAddOverflow" time="0.04">
    <failure type="junit.framework.AssertionFailedError">junit.framework.AssertionFailedError
	at org.bshouse.wsdb.test.SkiEventApiTest.testskieventAddOverflow(SkiEventApiTest.java:169)
</failure>
  </testcase>
  <testcase classname="org.bshouse.wsdb.test.SkiEventApiTest" name="testskieventAddBadDate" time="0.02">
    <failure type="junit.framework.AssertionFailedError">junit.framework.AssertionFailedError
	at org.bshouse.wsdb.test.SkiEventApiTest.testskieventAddBadDate(SkiEventApiTest.java:238)
</failure>
  </testcase>
  <testcase classname="org.bshouse.wsdb.test.SkiEventApiTest" name="testskieventList" time="0.11" />
  <testcase classname="org.bshouse.wsdb.test.SkiEventApiTest" name="testskieventDelete" time="0.02">
    <failure type="junit.framework.AssertionFailedError">junit.framework.AssertionFailedError
	at org.bshouse.wsdb.test.SkiEventApiTest.testskieventDelete(SkiEventApiTest.java:327)
</failure>
  </testcase>
  <testcase classname="org.bshouse.wsdb.test.SkiEventApiTest" name="testskieventUpdate" time="0.02">
    <failure type="junit.framework.AssertionFailedError">junit.framework.AssertionFailedError
	at org.bshouse.wsdb.test.SkiEventApiTest.testskieventUpdate(SkiEventApiTest.java:271)
</failure>
  </testcase>
  <testcase classname="org.bshouse.wsdb.test.SkiEventApiTest" name="testskieventAdd" time="0.141" />
  <testcase classname="org.bshouse.wsdb.test.SkiEventApiTest" name="testskieventAddBadDateFormat" time="0.02">
    <failure type="junit.framework.AssertionFailedError">junit.framework.AssertionFailedError
	at org.bshouse.wsdb.test.SkiEventApiTest.testskieventAddBadDateFormat(SkiEventApiTest.java:202)
</failure>
  </testcase>
  <system-out><![CDATA[[Server@b065c63]: [Thread[main,5,main]]: checkRunning(false) entered
[Server@b065c63]: [Thread[main,5,main]]: checkRunning(false) exited
[Server@b065c63]: [Thread[main,5,main]]: start() entered
[Server@b065c63]: [Thread[HSQLDB Server @b065c63,5,main]]: run() entered
[Server@b065c63]: Initiating startup sequence...
[Server@b065c63]: [Thread[HSQLDB Server @b065c63,5,main]]: server.maxdatabases=10
[Server@b065c63]: [Thread[HSQLDB Server @b065c63,5,main]]: server.remote_open=false
[Server@b065c63]: [Thread[HSQLDB Server @b065c63,5,main]]: server.tls=false
[Server@b065c63]: [Thread[HSQLDB Server @b065c63,5,main]]: server.port=60000
[Server@b065c63]: [Thread[HSQLDB Server @b065c63,5,main]]: server.trace=true
[Server@b065c63]: [Thread[HSQLDB Server @b065c63,5,main]]: server.database.1=file:C:\Users\Roninsamakun\Documents\GitHub\RESTfulSkiPlanner\WEB-INF\db\skidummy;hsqldb.sqllog=3;sql.enforce_names=true;user=skidefault;password=def2pass
[Server@b065c63]: [Thread[HSQLDB Server @b065c63,5,main]]: server.acl=WEB-INF/src/properties/server.acl
[Server@b065c63]: [Thread[HSQLDB Server @b065c63,5,main]]: server.database.0=file:C:\Users\Roninsamakun\Documents\GitHub\RESTfulSkiPlanner\WEB-INF\db\skidummy;hsqldb.sqllog=3;sql.enforce_names=true;user=skidefault;password=def2pass
[Server@b065c63]: [Thread[HSQLDB Server @b065c63,5,main]]: server.restart_on_shutdown=false
[Server@b065c63]: [Thread[HSQLDB Server @b065c63,5,main]]: server.no_system_exit=true
[Server@b065c63]: [Thread[HSQLDB Server @b065c63,5,main]]: server.silent=false
[Server@b065c63]: [Thread[HSQLDB Server @b065c63,5,main]]: server.default_page=index.html
[Server@b065c63]: [Thread[HSQLDB Server @b065c63,5,main]]: server.dbname.1=skiprod
[Server@b065c63]: [Thread[HSQLDB Server @b065c63,5,main]]: server.address=127.0.0.1
[Server@b065c63]: [Thread[HSQLDB Server @b065c63,5,main]]: server.dbname.0=skidummy
[Server@b065c63]: [Thread[HSQLDB Server @b065c63,5,main]]: server.root=.
[Server@b065c63]: [Thread[HSQLDB Server @b065c63,5,main]]: openServerSocket() entered
[Server@b065c63]: [Thread[HSQLDB Server @b065c63,5,main]]: Got server socket: ServerSocket[addr=/127.0.0.1,localport=60000]
[Server@b065c63]: Server socket opened successfully in 0 ms.
[Server@b065c63]: [Thread[HSQLDB Server @b065c63,5,main]]: openServerSocket() exiting
[Server@b065c63]: [Thread[HSQLDB Server @b065c63,5,main]]: openDatabases() entered
[Server@b065c63]: [Thread[HSQLDB Server @b065c63,5,main]]: Opening database: [file:C:\Users\Roninsamakun\Documents\GitHub\RESTfulSkiPlanner\WEB-INF\db\skidummy]
[Server@b065c63]: Database [index=0, id=0, db=file:C:\Users\Roninsamakun\Documents\GitHub\RESTfulSkiPlanner\WEB-INF\db\skidummy, alias=skiprod] opened sucessfully in 390 ms.
[Server@b065c63]: [Thread[HSQLDB Server @b065c63,5,main]]: Opening database: [file:C:\Users\Roninsamakun\Documents\GitHub\RESTfulSkiPlanner\WEB-INF\db\skidummy]
[Server@b065c63]: Database [index=1, id=0, db=file:C:\Users\Roninsamakun\Documents\GitHub\RESTfulSkiPlanner\WEB-INF\db\skidummy, alias=skidummy] opened sucessfully in 0 ms.
[Server@b065c63]: [Thread[HSQLDB Server @b065c63,5,main]]: openDatabases() exiting
[Server@b065c63]: Startup sequence completed in 390 ms.
[Server@b065c63]: 2015-01-29 11:12:23.004 HSQLDB server 2.3.2 is online on port 60000
[Server@b065c63]: To close normally, connect and execute SHUTDOWN SQL
[Server@b065c63]: From command line, use [Ctrl]+[C] to abort abruptly
[Server@b065c63]: [Thread[main,5,main]]: start() exiting
DriverManager.getDriver("jdbc:hsqldb:hsql://127.0.0.1:60000/skidummy")
getDriver returning org.hsqldb.jdbc.JDBCDriver
[Server@b065c63]: [Thread[HSQLDB Server @b065c63,5,main]]: handleConnection(Socket[addr=/127.0.0.1,port=50898,localport=60000]) entered
Addr '127.0.0.1' matched rule #1:  Addrs 127.0.0.1/32 ALLOW
[Server@b065c63]: [Thread[HSQLDB Server @b065c63,5,main]]: handleConnection() exited
[Server@b065c63]: [Thread[HSQLDB Server @b065c63,5,main]]: handleConnection(Socket[addr=/127.0.0.1,port=50900,localport=60000]) entered
Addr '127.0.0.1' matched rule #1:  Addrs 127.0.0.1/32 ALLOW
[Server@b065c63]: [Thread[HSQLDB Server @b065c63,5,main]]: handleConnection() exited
[Server@b065c63]: [Thread[HSQLDB Server @b065c63,5,main]]: handleConnection(Socket[addr=/127.0.0.1,port=50899,localport=60000]) entered
Addr '127.0.0.1' matched rule #1:  Addrs 127.0.0.1/32 ALLOW
[Server@b065c63]: [Thread[HSQLDB Server @b065c63,5,main]]: handleConnection() exited
[Server@b065c63]: [Thread[HSQLDB Connection @1c50fb0e,5,HSQLDB Connections @b065c63]]: 2:Trying to connect user 'skidefault' to DB (skidummy)
[Server@b065c63]: [Thread[HSQLDB Connection @202ce25e,5,HSQLDB Connections @b065c63]]: 0:Trying to connect user 'skidefault' to DB (skidummy)
[Server@b065c63]: [Thread[HSQLDB Connection @3c6d4a4e,5,HSQLDB Connections @b065c63]]: 1:Trying to connect user 'skidefault' to DB (skidummy)
[Server@b065c63]: [Thread[HSQLDB Connection @1c50fb0e,5,HSQLDB Connections @b065c63]]: 2:Connected user 'skidefault'
[Server@b065c63]: [Thread[HSQLDB Connection @3c6d4a4e,5,HSQLDB Connections @b065c63]]: 1:Connected user 'skidefault'
[Server@b065c63]: [Thread[HSQLDB Connection @202ce25e,5,HSQLDB Connections @b065c63]]: 0:Connected user 'skidefault'
[Server@b065c63]: 0:HSQLCLI:GETSESSIONATTR
[Server@b065c63]: 2:HSQLCLI:GETSESSIONATTR
[Server@b065c63]: 1:HSQLCLI:GETSESSIONATTR
[Server@b065c63]: 0:HSQLCLI:GETSESSIONATTR
[Server@b065c63]: 2:HSQLCLI:GETSESSIONATTR
[Server@b065c63]: 1:HSQLCLI:GETSESSIONATTR
[Server@b065c63]: 1:HSQLCLI:GETSESSIONATTR
[Server@b065c63]: 0:HSQLCLI:GETSESSIONATTR
[Server@b065c63]: 2:HSQLCLI:GETSESSIONATTR
[Server@b065c63]: 0:HSQLCLI:GETSESSIONATTR
[Server@b065c63]: 2:HSQLCLI:GETSESSIONATTR
[Server@b065c63]: 1:HSQLCLI:GETSESSIONATTR
[Server@b065c63]: 0:HSQLCLI:GETSESSIONATTR
[Server@b065c63]: [Thread[HSQLDB Server @b065c63,5,main]]: handleConnection(Socket[addr=/127.0.0.1,port=50901,localport=60000]) entered
Addr '127.0.0.1' matched rule #1:  Addrs 127.0.0.1/32 ALLOW
[Server@b065c63]: [Thread[HSQLDB Server @b065c63,5,main]]: handleConnection() exited
[Server@b065c63]: [Thread[HSQLDB Server @b065c63,5,main]]: handleConnection(Socket[addr=/127.0.0.1,port=50902,localport=60000]) entered
Addr '127.0.0.1' matched rule #1:  Addrs 127.0.0.1/32 ALLOW
[Server@b065c63]: [Thread[HSQLDB Server @b065c63,5,main]]: handleConnection() exited
[Server@b065c63]: 0:call database_version()
[Server@b065c63]: 0:call database_version()
[Server@b065c63]: 0:call database_version()
[Server@b065c63]: 0:SELECT * FROM INFORMATION_SCHEMA.SYSTEM_TYPEINFO
[Server@b065c63]: 0:HSQLCLI:GETSESSIONATTR
[Server@b065c63]: 0:HSQLCLI:GETSESSIONATTR
[Server@b065c63]: 0:HSQLCLI:GETSESSIONATTR
[Server@b065c63]: [Thread[HSQLDB Connection @2e6c4335,5,HSQLDB Connections @b065c63]]: 3:Trying to connect user 'skidefault' to DB (skidummy)
[Server@b065c63]: [Thread[HSQLDB Connection @69156ab4,5,HSQLDB Connections @b065c63]]: 4:Trying to connect user 'skidefault' to DB (skidummy)
[Server@b065c63]: [Thread[HSQLDB Connection @2e6c4335,5,HSQLDB Connections @b065c63]]: 3:Connected user 'skidefault'
[Server@b065c63]: [Thread[HSQLDB Connection @69156ab4,5,HSQLDB Connections @b065c63]]: 4:Connected user 'skidefault'
[Server@b065c63]: 3:HSQLCLI:GETSESSIONATTR
[Server@b065c63]: 4:HSQLCLI:GETSESSIONATTR
[Server@b065c63]: 3:HSQLCLI:GETSESSIONATTR
[Server@b065c63]: 3:HSQLCLI:GETSESSIONATTR
[Server@b065c63]: 4:HSQLCLI:GETSESSIONATTR
[Server@b065c63]: 3:HSQLCLI:GETSESSIONATTR
[Server@b065c63]: 4:HSQLCLI:GETSESSIONATTR
[Server@b065c63]: 4:HSQLCLI:GETSESSIONATTR
[Server@b065c63]: 4:HSQLCLI:GETSESSIONATTR
[Server@b065c63]: 4:SQLCLI:SQLPREPARE delete from skidummy.eventinfo
[Server@b065c63]: 4:SQLCLI:SQLEXECUTE:1
[Server@b065c63]: 4:HSQLCLI:GETSESSIONATTR
testDeleteInvalidskievent: {"success":false,"message":"Delete failed because required data is missing"}
[Server@b065c63]: 3:HSQLCLI:GETSESSIONATTR
[Server@b065c63]: 3:SQLCLI:SQLPREPARE delete from skidummy.eventinfo
[Server@b065c63]: 3:SQLCLI:SQLEXECUTE:1
java.sql.SQLException: This pooled Connection was explicitly close()ed by a client, not invalidated due to an error.
	at com.mchange.v2.c3p0.impl.NewPooledConnection.<clinit>(NewPooledConnection.java:54)
	at com.mchange.v2.c3p0.WrapperConnectionPoolDataSource.getPooledConnection(WrapperConnectionPoolDataSource.java:211)
	at com.mchange.v2.c3p0.WrapperConnectionPoolDataSource.getPooledConnection(WrapperConnectionPoolDataSource.java:184)
	at com.mchange.v2.c3p0.impl.C3P0PooledConnectionPool$1PooledConnectionResourcePoolManager.acquireResource(C3P0PooledConnectionPool.java:200)
	at com.mchange.v2.resourcepool.BasicResourcePool.doAcquire(BasicResourcePool.java:1086)
	at com.mchange.v2.resourcepool.BasicResourcePool.doAcquireAndDecrementPendingAcquiresWithinLockOnSuccess(BasicResourcePool.java:1073)
	at com.mchange.v2.resourcepool.BasicResourcePool.access$800(BasicResourcePool.java:44)
	at com.mchange.v2.resourcepool.BasicResourcePool$ScatteredAcquireTask.run(BasicResourcePool.java:1810)
	at com.mchange.v2.async.ThreadPoolAsynchronousRunner$PoolThread.run(ThreadPoolAsynchronousRunner.java:648)
SQLWarning: reason(no data) SQLState(02000) vendor code(-1100)
[Server@b065c63]: 3:HSQLCLI:GETSESSIONATTR
testAddOverflowskievent: {"success":false,"message":"Add failed because required data is missing"}
testAddBadDateskievent: {"success":false,"message":"Add failed because required data is missing"}
[Server@b065c63]: 0:HSQLCLI:GETSESSIONATTR
[Server@b065c63]: 0:SQLCLI:SQLPREPARE delete from skidummy.eventinfo
[Server@b065c63]: 0:SQLCLI:SQLEXECUTE:1
SQLWarning: reason(no data) SQLState(02000) vendor code(-1100)
[Server@b065c63]: 0:HSQLCLI:GETSESSIONATTR
[Server@b065c63]: 2:HSQLCLI:GETSESSIONATTR
[Server@b065c63]: 2:SQLCLI:SQLPREPARE select this_.id as id1_0_0_, this_.email as email2_0_0_, this_.first as first3_0_0_, this_.last as last4_0_0_, this_.cell as cell5_0_0_, this_.pref as pref6_0_0_, this_.resort as resort7_0_0_, this_.skiday as skiday8_0_0_, this_.skill as skill9_0_0_ from skidummy.eventinfo this_
[Server@b065c63]: 2:SQLCLI:SQLEXECUTE:1
[Server@b065c63]: 2:HSQLCLI:GETSESSIONATTR
[Server@b065c63]: 2:HSQLCLI:GETSESSIONATTR
[Server@b065c63]: 2:HSQLCLI:GETSESSIONATTR
1. testskieventList: {"data":[],"success":true}
[Server@b065c63]: 0:SQLCLI:SQLPREPARE insert into skidummy.eventinfo (id, email, first, last, cell, pref, resort, skiday, skill) values (default, ?, ?, ?, ?, ?, ?, ?, ?)
[Server@b065c63]: 0:SQLCLI:SQLEXECUTE:2
[Server@b065c63]: 0:SQLCLI:SQLEXECUTE:2
[Server@b065c63]: 2:HSQLCLI:GETSESSIONATTR
[Server@b065c63]: 2:SQLCLI:SQLEXECUTE:1
[Server@b065c63]: 2:HSQLCLI:GETSESSIONATTR
[Server@b065c63]: 2:HSQLCLI:GETSESSIONATTR
[Server@b065c63]: 2:HSQLCLI:GETSESSIONATTR
2. testskieventList: {"data":[{"id":7,"nameFirst":"Bill","nameLast":"","numberCell":"","email":"","resort":"","pref":"","skill":""},{"id":8,"nameFirst":"Bob","nameLast":"","numberCell":"","email":"","resort":"","pref":"","skill":""}],"success":true}
[Server@b065c63]: 2:HSQLCLI:GETSESSIONATTR
[Server@b065c63]: 2:SQLCLI:SQLPREPARE delete from skidummy.eventinfo
[Server@b065c63]: 2:SQLCLI:SQLEXECUTE:2
[Server@b065c63]: 2:HSQLCLI:GETSESSIONATTR
testDeleteskievent(Add): {"success":false,"message":"Add failed because required data is missing"}
[Server@b065c63]: 1:HSQLCLI:GETSESSIONATTR
[Server@b065c63]: 1:SQLCLI:SQLPREPARE delete from skidummy.eventinfo
[Server@b065c63]: 1:SQLCLI:SQLEXECUTE:1
SQLWarning: reason(no data) SQLState(02000) vendor code(-1100)
[Server@b065c63]: 1:HSQLCLI:GETSESSIONATTR
testUpdateskievent(Add): {"success":false,"message":"Add failed because required data is missing"}
[Server@b065c63]: [Thread[HSQLDB Server @b065c63,5,main]]: handleConnection(Socket[addr=/127.0.0.1,port=50911,localport=60000]) entered
Addr '127.0.0.1' matched rule #1:  Addrs 127.0.0.1/32 ALLOW
[Server@b065c63]: [Thread[HSQLDB Server @b065c63,5,main]]: handleConnection() exited
[Server@b065c63]: [Thread[HSQLDB Server @b065c63,5,main]]: handleConnection(Socket[addr=/127.0.0.1,port=50909,localport=60000]) entered
Addr '127.0.0.1' matched rule #1:  Addrs 127.0.0.1/32 ALLOW
[Server@b065c63]: [Thread[HSQLDB Server @b065c63,5,main]]: handleConnection() exited
[Server@b065c63]: [Thread[HSQLDB Server @b065c63,5,main]]: handleConnection(Socket[addr=/127.0.0.1,port=50910,localport=60000]) entered
Addr '127.0.0.1' matched rule #1:  Addrs 127.0.0.1/32 ALLOW
[Server@b065c63]: [Thread[HSQLDB Server @b065c63,5,main]]: handleConnection() exited
[Server@b065c63]: [Thread[HSQLDB Connection @68d6ecdb,5,HSQLDB Connections @b065c63]]: 7:Trying to connect user 'skidefault' to DB (skidummy)
[Server@b065c63]: [Thread[HSQLDB Connection @24ef7698,5,HSQLDB Connections @b065c63]]: 6:Trying to connect user 'skidefault' to DB (skidummy)
[Server@b065c63]: [Thread[HSQLDB Connection @3ffc62e2,5,HSQLDB Connections @b065c63]]: 5:Trying to connect user 'skidefault' to DB (skidummy)
[Server@b065c63]: [Thread[HSQLDB Connection @68d6ecdb,5,HSQLDB Connections @b065c63]]: 7:Connected user 'skidefault'
[Server@b065c63]: [Thread[HSQLDB Connection @3ffc62e2,5,HSQLDB Connections @b065c63]]: 5:Connected user 'skidefault'
[Server@b065c63]: [Thread[HSQLDB Connection @24ef7698,5,HSQLDB Connections @b065c63]]: 6:Connected user 'skidefault'
[Server@b065c63]: 5:HSQLCLI:GETSESSIONATTR
[Server@b065c63]: 7:HSQLCLI:GETSESSIONATTR
[Server@b065c63]: 6:HSQLCLI:GETSESSIONATTR
[Server@b065c63]: 6:HSQLCLI:GETSESSIONATTR
[Server@b065c63]: 5:HSQLCLI:GETSESSIONATTR
[Server@b065c63]: 7:HSQLCLI:GETSESSIONATTR
[Server@b065c63]: 5:HSQLCLI:GETSESSIONATTR
[Server@b065c63]: 6:HSQLCLI:GETSESSIONATTR
[Server@b065c63]: 7:HSQLCLI:GETSESSIONATTR
[Server@b065c63]: 5:HSQLCLI:GETSESSIONATTR
[Server@b065c63]: 6:HSQLCLI:GETSESSIONATTR
[Server@b065c63]: 7:HSQLCLI:GETSESSIONATTR
[Server@b065c63]: 6:HSQLCLI:GETSESSIONATTR
[Server@b065c63]: 6:SQLCLI:SQLPREPARE delete from skidummy.eventinfo
[Server@b065c63]: 6:SQLCLI:SQLEXECUTE:1
SQLWarning: reason(no data) SQLState(02000) vendor code(-1100)
[Server@b065c63]: 6:HSQLCLI:GETSESSIONATTR
[Server@b065c63]: 7:HSQLCLI:GETSESSIONATTR
[Server@b065c63]: 7:SQLCLI:SQLPREPARE insert into skidummy.eventinfo (id, email, first, last, cell, pref, resort, skiday, skill) values (default, ?, ?, ?, ?, ?, ?, ?, ?)
[Server@b065c63]: 7:SQLCLI:SQLEXECUTE:1
[Server@b065c63]: 7:HSQLCLI:GETSESSIONATTR
[Server@b065c63]: 7:HSQLCLI:GETSESSIONATTR
testAddskievent: {"data":{"id":9,"nameFirst":"Joe","nameLast":"Doe","numberCell":"303-333-3333","email":"Joe.Doe@Inter.Net","skiday":"01/30/2015","resort":"Copper","pref":"Snowboard","skill":"Hack"},"success":true}
testAddBadDateskievent: {"success":false,"message":"Add failed because required data is missing"}
[Server@b065c63]: [Thread[main,5,main]]: stop() entered
[Server@b065c63]: [Thread[main,5,main]]: releaseServerSocket() entered
[Server@b065c63]: [Thread[main,5,main]]: Releasing server socket: [ServerSocket[addr=/127.0.0.1,localport=60000]]
[Server@b065c63]: [Thread[main,5,main]]: releaseServerSocket() exited
[Server@b065c63]: [Thread[main,5,main]]: stop() exiting
[Server@b065c63]: [Thread[HSQLDB Server @b065c63,5,main]]: shutdown() entered
[Server@b065c63]: Initiating shutdown sequence...
[Server@b065c63]: [Thread[HSQLDB Server @b065c63,5,main]]: releaseServerSocket() entered
[Server@b065c63]: [Thread[HSQLDB Server @b065c63,5,main]]: releaseServerSocket() exited
[Server@b065c63]: [Thread[HSQLDB Server @b065c63,5,main]]: releaseDatabase(0) entered
]]></system-out>
  <system-err><![CDATA[2015-01-29 11:12:23.144:INFO::main: Logging initialized @850ms
2015-01-29 11:12:23.224:INFO:oejs.Server:main: jetty-9.2.6.v20141205
2015-01-29T11:12:23.665-0800  WARNING  No MultipartWrapper implementation could be loaded
2015-01-29 11:12:23.705:INFO:oejsh.ContextHandler:main: Started o.e.j.w.WebAppContext@80ec1f8{/,file:/C:/Users/Roninsamakun/Documents/GitHub/RESTfulSkiPlanner/,AVAILABLE}
2015-01-29 11:12:23.745:INFO:oejs.ServerConnector:main: Started ServerConnector@6279cee3{HTTP/1.1}{127.0.0.1:8080}
2015-01-29 11:12:23.745:INFO:oejs.Server:main: Started @1455ms
2015-01-29T11:12:25.045-0800  WARN  SQL Warning Code: -1100, SQLState: 02000
2015-01-29T11:12:25.045-0800  WARN  no data
2015-01-29T11:12:25.095-0800  WARN  SQL Warning Code: -1100, SQLState: 02000
2015-01-29T11:12:25.095-0800  WARN  no data
2015-01-29T11:12:25.225-0800  WARN  SQL Warning Code: -1100, SQLState: 02000
2015-01-29T11:12:25.225-0800  WARN  no data
2015-01-29T11:12:25.355-0800  WARN  SQL Warning Code: -1100, SQLState: 02000
2015-01-29T11:12:25.355-0800  WARN  no data
2015-01-29 11:12:25.416:INFO:oejs.ServerConnector:main: Stopped ServerConnector@6279cee3{HTTP/1.1}{127.0.0.1:8080}
2015-01-29 11:12:25.416:INFO:oejsh.ContextHandler:main: Stopped o.e.j.w.WebAppContext@80ec1f8{/,file:/C:/Users/Roninsamakun/Documents/GitHub/RESTfulSkiPlanner/,UNAVAILABLE}
]]></system-err>
</testsuite>
